{
  "stats": {
    "suites": 1,
    "tests": 1,
    "passes": 0,
    "pending": 0,
    "failures": 1,
    "start": "2018-09-25T14:04:09.552Z",
    "end": "2018-09-25T14:04:09.552Z",
    "duration": 0,
    "testsRegistered": 1,
    "passPercent": 0,
    "pendingPercent": 0,
    "other": 0,
    "hasOther": false,
    "skipped": 0,
    "hasSkipped": false,
    "passPercentClass": "danger",
    "pendingPercentClass": "danger"
  },
  "suites": {
    "uuid": "36209474-3987-4449-aa54-ef67e74dc7d9",
    "title": "",
    "fullFile": "",
    "file": "",
    "beforeHooks": [],
    "afterHooks": [],
    "tests": [],
    "suites": [
      {
        "uuid": "f529c9ad-ab3a-4586-94dd-ce255c6e9ff3",
        "title": "test",
        "fullFile": "C:\\Users\\antho\\Desktop\\Mysterium\\test\\game.js",
        "file": "\\test\\game.js",
        "beforeHooks": [],
        "afterHooks": [],
        "tests": [
          {
            "title": "hello",
            "fullTitle": "test hello",
            "timedOut": false,
            "duration": 0,
            "state": "failed",
            "pass": false,
            "fail": true,
            "pending": false,
            "code": "assert.equal(2,1);",
            "err": {
              "message": "AssertionError [ERR_ASSERTION]: 2 == 1",
              "estack": "AssertionError [ERR_ASSERTION]: 2 == 1\n    at Context.it (test\\game.js:4:14)",
              "diff": "- 2\n+ 1\n"
            },
            "isRoot": false,
            "uuid": "d90a02ba-fffb-4d39-ad49-917778f02c2b",
            "isHook": false,
            "skipped": false
          }
        ],
        "suites": [],
        "passes": [],
        "failures": [
          "d90a02ba-fffb-4d39-ad49-917778f02c2b"
        ],
        "pending": [],
        "skipped": [],
        "duration": 0,
        "root": false,
        "rootEmpty": false,
        "_timeout": 2000
      }
    ],
    "passes": [],
    "failures": [],
    "pending": [],
    "skipped": [],
    "duration": 0,
    "root": true,
    "rootEmpty": true,
    "_timeout": 2000
  },
  "copyrightYear": 2018
}